


ARM Macro Assembler    Page 1 


    1 00000000         ; Amount of memory (in bytes) allocated for Stack
    2 00000000         ; Tailor this value to your application needs
    3 00000000         ; <h> Stack Configuration
    4 00000000         ;   <o> Stack Size (in Bytes) <0x0-0xFFFFFFFF:8>
    5 00000000         ; </h>
    6 00000000         
    7 00000000         ;Stack_Size      EQU     0x00000400
    8 00000000 00002000 
                       Stack_Size
                               EQU              0x00002000
    9 00000000         
   10 00000000                 AREA             STACK, NOINIT, READWRITE, ALIGN
=3
   11 00000000         Stack_Mem
                               SPACE            Stack_Size
   12 00002000         __initial_sp
   13 00002000         
   14 00002000         ; <h> Heap Configuration
   15 00002000         ;   <o>  Heap Size (in Bytes) <0x0-0xFFFFFFFF:8>
   16 00002000         ; </h>
   17 00002000 00000200 
                       Heap_Size
                               EQU              0x00000200
   18 00002000         
   19 00002000                 AREA             HEAP, NOINIT, READWRITE, ALIGN=
3
   20 00000000         __heap_base
   21 00000000         Heap_Mem
                               SPACE            Heap_Size
   22 00000200         __heap_limit
   23 00000200         
   24 00000200                 PRESERVE8
   25 00000200                 THUMB
   26 00000200         
   27 00000200         ; Vector Table Mapped to Address 0 at Reset
   28 00000200                 AREA             RESET, DATA, READONLY
   29 00000000                 EXPORT           __Vectors
   30 00000000                 EXPORT           __Vectors_End
   31 00000000                 EXPORT           __Vectors_Size
   32 00000000         
   33 00000000 00000000 
                       __Vectors
                               DCD              __initial_sp ;         Top of S
                                                            tack
   34 00000004 00000000        DCD              Reset_Handler ;         Reset H
                                                            andler
   35 00000008 00000000        DCD              NMI_Handler ; -14     NMI Handl
                                                            er
   36 0000000C 00000000        DCD              HardFault_Handler ; -13     Har
                                                            d Fault Handler
   37 00000010 00000000        DCD              MemManage_Handler ; -12     MPU
                                                             Fault Handler
   38 00000014 00000000        DCD              BusFault_Handler ; -11     Bus 
                                                            Fault Handler
   39 00000018 00000000        DCD              UsageFault_Handler ; -10     Us
                                                            age Fault Handler
   40 0000001C         
   41 0000001C 00000000        DCD              0           ; -9      Reserved
   42 00000020 00000000        DCD              0           ; -8      Reserved



ARM Macro Assembler    Page 2 


   43 00000024 00000000        DCD              0           ; -7      Reserved
   44 00000028 00000000        DCD              0           ; -6      Reserved
   45 0000002C 00000000        DCD              SVC_Handler ; -5      SVCall Ha
                                                            ndler
   46 00000030 00000000        DCD              DebugMon_Handler ; -4      Debu
                                                            g Monitor Handler
   47 00000034 00000000        DCD              0           ; -3      Reserved
   48 00000038 00000000        DCD              PendSV_Handler ; -2      PendSV
                                                             Handler
   49 0000003C 00000000        DCD              SysTick_Handler ; -1      SysTi
                                                            ck Handler  ; Exter
                                                            nal Interrupts     
                                                            
   50 00000040 00000000        DCD              WWDG_IRQHandler ; 0       Windo
                                                            w Watchdog
   51 00000044 00000000        DCD              PVD_IRQHandler ; 1       PVD th
                                                            rough EXTI Line det
                                                            ect
   52 00000048 00000000        DCD              TAMPER_IRQHandler 
                                                            ; 2       Tamper
   53 0000004C 00000000        DCD              RTC_IRQHandler ; 3       RTC
   54 00000050 00000000        DCD              FLASH_IRQHandler 
                                                            ; 4       Flash
   55 00000054 00000000        DCD              RCC_CRS_IRQHandler 
                                                            ; 5       RCC
   56 00000058 00000000        DCD              EXTI0_IRQHandler ; 6       EXTI
                                                             Line 0
   57 0000005C 00000000        DCD              EXTI1_IRQHandler ; 7       EXTI
                                                             Line 1
   58 00000060 00000000        DCD              EXTI2_IRQHandler ; 8       EXTI
                                                             Line 2
   59 00000064 00000000        DCD              EXTI3_IRQHandler ; 9       EXTI
                                                             Line 3
   60 00000068 00000000        DCD              EXTI4_IRQHandler ; 10      EXTI
                                                             Line 4
   61 0000006C 00000000        DCD              DMA1_Channel1_IRQHandler ; 11  
                                                                DMA1 Channel 1
   62 00000070 00000000        DCD              DMA1_Channel2_IRQHandler ; 12  
                                                                DMA1 Channel 2
   63 00000074 00000000        DCD              DMA1_Channel3_IRQHandler ; 13  
                                                                DMA1 Channel 3
   64 00000078 00000000        DCD              DMA1_Channel4_IRQHandler ; 14  
                                                                DMA1 Channel 4
   65 0000007C 00000000        DCD              DMA1_Channel5_IRQHandler ; 15  
                                                                DMA1 Channel 5
   66 00000080 00000000        DCD              DMA1_Channel6_IRQHandler ; 16  
                                                                DMA1 Channel 6
   67 00000084 00000000        DCD              DMA1_Channel7_IRQHandler ; 17  
                                                                DMA1 Channel 7
   68 00000088 00000000        DCD              ADC1_2_IRQHandler ; 18      ADC
                                                            1 and ADC2
   69 0000008C 00000000        DCD              FlashCache_IRQHandler ; 19     
                                                             FlashCache outage
   70 00000090 00000000        DCD              0           ; 20      Reserved
   71 00000094 00000000        DCD              CAN1_RX_IRQHandler 
                                                            ; 21      CAN1_RX
   72 00000098 00000000        DCD              0           ; 22      Reserved
   73 0000009C 00000000        DCD              EXTI9_5_IRQHandler ; 23      EX
                                                            TI Line 9..5



ARM Macro Assembler    Page 3 


   74 000000A0 00000000        DCD              TIM1_BRK_IRQHandler ; 24      T
                                                            IM1 Break
   75 000000A4 00000000        DCD              TIM1_UP_IRQHandler ; 25      TI
                                                            M1 Update
   76 000000A8 00000000        DCD              TIM1_TRG_COM_IRQHandler ; 26   
                                                               TIM1 Trigger and
                                                             Commutation
   77 000000AC 00000000        DCD              TIM1_CC_IRQHandler ; 27      TI
                                                            M1 Capture Compare
   78 000000B0 00000000        DCD              TIM2_IRQHandler ; 28      TIM2
   79 000000B4 00000000        DCD              TIM3_IRQHandler ; 29      TIM3
   80 000000B8 00000000        DCD              TIM4_IRQHandler ; 30      TIM4
   81 000000BC 00000000        DCD              I2C1_IRQHandler ; 31      I2C1 
                                                            Event
   82 000000C0 00000000        DCD              0           ; 32      Reserved
   83 000000C4 00000000        DCD              I2C2_IRQHandler ; 33      I2C2 
                                                            Event
   84 000000C8 00000000        DCD              0           ; 34      Reserved
   85 000000CC 00000000        DCD              SPI1_IRQHandler ; 35      SPI1
   86 000000D0 00000000        DCD              SPI2_IRQHandler ; 36      SPI2
   87 000000D4 00000000        DCD              UART1_IRQHandler 
                                                            ; 37      UART1
   88 000000D8 00000000        DCD              UART2_IRQHandler 
                                                            ; 38      UART2
   89 000000DC 00000000        DCD              UART3_IRQHandler 
                                                            ; 39      UART3
   90 000000E0 00000000        DCD              EXTI15_10_IRQHandler ; 40      
                                                            EXTI Line 15..10
   91 000000E4 00000000        DCD              RTCAlarm_IRQHandler ; 41      R
                                                            TC Alarm through EX
                                                            TI Line 17
   92 000000E8 00000000        DCD              OTG_FS_WKUP_IRQHandler ; 42    
                                                              USB OTG FS Wakeup
                                                             through EXTI line
   93 000000EC 00000000        DCD              TIM8_BRK_IRQHandler ; 43      T
                                                            IM8 Break
   94 000000F0 00000000        DCD              TIM8_UP_IRQHandler ; 44      TI
                                                            M8 Update
   95 000000F4 00000000        DCD              TIM8_TRG_COM_IRQHandler ; 45   
                                                               TIM8 Trigger and
                                                             Commutation
   96 000000F8 00000000        DCD              TIM8_CC_IRQHandler ; 46      TI
                                                            M8 Capture Compare
   97 000000FC 00000000        DCD              ADC3_IRQHandler ; 47      ADC3
   98 00000100 00000000        DCD              0           ; 48      Reserved
   99 00000104 00000000        DCD              SDIO_IRQHandler ; 49      SDIO
  100 00000108 00000000        DCD              TIM5_IRQHandler ; 50      TIM5
  101 0000010C 00000000        DCD              SPI3_IRQHandler ; 51      SPI3
  102 00000110 00000000        DCD              UART4_IRQHandler 
                                                            ; 52      UART4
  103 00000114 00000000        DCD              UART5_IRQHandler 
                                                            ; 53      UART5
  104 00000118 00000000        DCD              TIM6_IRQHandler ; 54      TIM6
  105 0000011C 00000000        DCD              TIM7_IRQHandler ; 55      TIM7
  106 00000120 00000000        DCD              DMA2_Channel1_IRQHandler ; 56  
                                                                DMA2 Channel 1
  107 00000124 00000000        DCD              DMA2_Channel2_IRQHandler ; 57  
                                                                DMA2 Channel 2
  108 00000128 00000000        DCD              DMA2_Channel3_IRQHandler ; 58  



ARM Macro Assembler    Page 4 


                                                                DMA2 Channel 3
  109 0000012C 00000000        DCD              DMA2_Channel4_IRQHandler ; 59  
                                                                DMA2 Channel 4
  110 00000130 00000000        DCD              DMA2_Channel5_IRQHandler ; 60  
                                                                DMA2 Channel 5
  111 00000134 00000000        DCD              ETH_IRQHandler 
                                                            ; 61      Ethernet
  112 00000138 00000000        DCD              0           ; 62      Reserved
  113 0000013C 00000000        DCD              0           ; 63      Reserved
  114 00000140 00000000        DCD              COMP1_2_IRQHandler ; 64      CO
                                                            MP1,COMP2
  115 00000144 00000000        DCD              0           ; 65      Reserved
  116 00000148 00000000        DCD              0           ; 66      Reserved
  117 0000014C 00000000        DCD              OTG_FS_IRQHandler ; 67      USB
                                                             OTG_FullSpeed
  118 00000150 00000000        DCD              0           ; 68      Reserved
  119 00000154 00000000        DCD              0           ; 69      Reserved
  120 00000158 00000000        DCD              0           ; 70      Reserved
  121 0000015C 00000000        DCD              UART6_IRQHandler 
                                                            ; 71      UART6  
  122 00000160 00000000        DCD              0           ; 72      Reserved
  123 00000164 00000000        DCD              0           ; 73      Reserved
  124 00000168 00000000        DCD              0           ; 74      Reserved
  125 0000016C 00000000        DCD              0           ; 75      Reserved
  126 00000170 00000000        DCD              0           ; 76      Reserved
  127 00000174 00000000        DCD              0           ; 77      Reserved
  128 00000178 00000000        DCD              0           ; 78      Reserved
  129 0000017C 00000000        DCD              0           ; 79      Reserved
  130 00000180 00000000        DCD              0           ; 80      Reserved
  131 00000184 00000000        DCD              0           ; 81      Reserved
  132 00000188 00000000        DCD              UART7_IRQHandler 
                                                            ; 82      UART7
  133 0000018C 00000000        DCD              UART8_IRQHandler 
                                                            ; 83      UART8
  134 00000190         
  135 00000190         __Vectors_End
  136 00000190         
  137 00000190 00000190 
                       __Vectors_Size
                               EQU              __Vectors_End - __Vectors
  138 00000190         
  139 00000190                 AREA             |.text|, CODE, READONLY
  140 00000000         
  141 00000000         ; Reset handler
  142 00000000         Reset_Handler
                               PROC
  143 00000000                 EXPORT           Reset_Handler              [WEA
K]
  144 00000000                 IMPORT           __main
  145 00000000                 IMPORT           SystemInit
  146 00000000 4806            LDR              R0, =SystemInit
  147 00000002 4780            BLX              R0
  148 00000004 4806            LDR              R0, =__main
  149 00000006 4700            BX               R0
  150 00000008                 ENDP
  151 00000008         
  152 00000008         ; Dummy Exception Handlers (infinite loops which can be 
                       modified)
  153 00000008         



ARM Macro Assembler    Page 5 


  154 00000008         NMI_Handler
                               PROC
  155 00000008                 EXPORT           NMI_Handler                [WEA
K]
  156 00000008 E7FE            B                .
  157 0000000A                 ENDP
  159 0000000A         HardFault_Handler
                               PROC
  160 0000000A                 EXPORT           HardFault_Handler          [WEA
K]
  161 0000000A E7FE            B                .
  162 0000000C                 ENDP
  164 0000000C         MemManage_Handler
                               PROC
  165 0000000C                 EXPORT           MemManage_Handler          [WEA
K]
  166 0000000C E7FE            B                .
  167 0000000E                 ENDP
  169 0000000E         BusFault_Handler
                               PROC
  170 0000000E                 EXPORT           BusFault_Handler           [WEA
K]
  171 0000000E E7FE            B                .
  172 00000010                 ENDP
  174 00000010         UsageFault_Handler
                               PROC
  175 00000010                 EXPORT           UsageFault_Handler         [WEA
K]
  176 00000010 E7FE            B                .
  177 00000012                 ENDP
  178 00000012         SVC_Handler
                               PROC
  179 00000012                 EXPORT           SVC_Handler                [WEA
K]
  180 00000012 E7FE            B                .
  181 00000014                 ENDP
  183 00000014         DebugMon_Handler
                               PROC
  184 00000014                 EXPORT           DebugMon_Handler           [WEA
K]
  185 00000014 E7FE            B                .
  186 00000016                 ENDP
  187 00000016         PendSV_Handler
                               PROC
  188 00000016                 EXPORT           PendSV_Handler             [WEA
K]
  189 00000016 E7FE            B                .
  190 00000018                 ENDP
  191 00000018         SysTick_Handler
                               PROC
  192 00000018                 EXPORT           SysTick_Handler            [WEA
K]
  193 00000018 E7FE            B                .
  194 0000001A                 ENDP
  195 0000001A         
  196 0000001A         Default_Handler
                               PROC
  197 0000001A         
  198 0000001A                 EXPORT           WWDG_IRQHandler            [WEA



ARM Macro Assembler    Page 6 


K]
  199 0000001A                 EXPORT           PVD_IRQHandler             [WEA
K]
  200 0000001A                 EXPORT           TAMPER_IRQHandler          [WEA
K]
  201 0000001A                 EXPORT           RTC_IRQHandler             [WEA
K]
  202 0000001A                 EXPORT           FLASH_IRQHandler           [WEA
K]
  203 0000001A                 EXPORT           RCC_CRS_IRQHandler         [WEA
K]
  204 0000001A                 EXPORT           EXTI0_IRQHandler           [WEA
K]
  205 0000001A                 EXPORT           EXTI1_IRQHandler           [WEA
K]
  206 0000001A                 EXPORT           EXTI2_IRQHandler           [WEA
K]
  207 0000001A                 EXPORT           EXTI3_IRQHandler           [WEA
K]
  208 0000001A                 EXPORT           EXTI4_IRQHandler           [WEA
K]
  209 0000001A                 EXPORT           DMA1_Channel1_IRQHandler   [WEA
K]
  210 0000001A                 EXPORT           DMA1_Channel2_IRQHandler   [WEA
K]
  211 0000001A                 EXPORT           DMA1_Channel3_IRQHandler   [WEA
K]
  212 0000001A                 EXPORT           DMA1_Channel4_IRQHandler   [WEA
K]
  213 0000001A                 EXPORT           DMA1_Channel5_IRQHandler   [WEA
K]
  214 0000001A                 EXPORT           DMA1_Channel6_IRQHandler   [WEA
K]
  215 0000001A                 EXPORT           DMA1_Channel7_IRQHandler   [WEA
K]
  216 0000001A                 EXPORT           ADC1_2_IRQHandler          [WEA
K]
  217 0000001A                 EXPORT           FlashCache_IRQHandler      [WEA
K]
  218 0000001A                 EXPORT           CAN1_RX_IRQHandler         [WEA
K]
  219 0000001A                 EXPORT           EXTI9_5_IRQHandler         [WEA
K]
  220 0000001A                 EXPORT           TIM1_BRK_IRQHandler        [WEA
K]
  221 0000001A                 EXPORT           TIM1_UP_IRQHandler         [WEA
K]
  222 0000001A                 EXPORT           TIM1_TRG_COM_IRQHandler    [WEA
K]
  223 0000001A                 EXPORT           TIM1_CC_IRQHandler         [WEA
K]
  224 0000001A                 EXPORT           TIM2_IRQHandler            [WEA
K]
  225 0000001A                 EXPORT           TIM3_IRQHandler            [WEA
K]
  226 0000001A                 EXPORT           TIM4_IRQHandler            [WEA
K]
  227 0000001A                 EXPORT           I2C1_IRQHandler            [WEA
K]



ARM Macro Assembler    Page 7 


  228 0000001A                 EXPORT           I2C2_IRQHandler            [WEA
K]
  229 0000001A                 EXPORT           SPI1_IRQHandler            [WEA
K]
  230 0000001A                 EXPORT           SPI2_IRQHandler            [WEA
K]
  231 0000001A                 EXPORT           UART1_IRQHandler           [WEA
K]
  232 0000001A                 EXPORT           UART2_IRQHandler           [WEA
K]
  233 0000001A                 EXPORT           UART3_IRQHandler           [WEA
K]
  234 0000001A                 EXPORT           EXTI15_10_IRQHandler       [WEA
K]
  235 0000001A                 EXPORT           RTCAlarm_IRQHandler        [WEA
K]
  236 0000001A                 EXPORT           OTG_FS_WKUP_IRQHandler     [WEA
K]
  237 0000001A                 EXPORT           TIM8_BRK_IRQHandler        [WEA
K]
  238 0000001A                 EXPORT           TIM8_UP_IRQHandler         [WEA
K]
  239 0000001A                 EXPORT           TIM8_TRG_COM_IRQHandler    [WEA
K]
  240 0000001A                 EXPORT           TIM8_CC_IRQHandler         [WEA
K]
  241 0000001A                 EXPORT           ADC3_IRQHandler            [WEA
K]
  242 0000001A                 EXPORT           SDIO_IRQHandler            [WEA
K]
  243 0000001A                 EXPORT           TIM5_IRQHandler            [WEA
K]
  244 0000001A                 EXPORT           SPI3_IRQHandler            [WEA
K]
  245 0000001A                 EXPORT           UART4_IRQHandler           [WEA
K]
  246 0000001A                 EXPORT           UART5_IRQHandler           [WEA
K]
  247 0000001A                 EXPORT           TIM6_IRQHandler            [WEA
K]
  248 0000001A                 EXPORT           TIM7_IRQHandler            [WEA
K]
  249 0000001A                 EXPORT           DMA2_Channel1_IRQHandler   [WEA
K]
  250 0000001A                 EXPORT           DMA2_Channel2_IRQHandler   [WEA
K]
  251 0000001A                 EXPORT           DMA2_Channel3_IRQHandler   [WEA
K]
  252 0000001A                 EXPORT           DMA2_Channel4_IRQHandler   [WEA
K]
  253 0000001A                 EXPORT           DMA2_Channel5_IRQHandler   [WEA
K]
  254 0000001A                 EXPORT           ETH_IRQHandler             [WEA
K]
  255 0000001A                 EXPORT           COMP1_2_IRQHandler         [WEA
K]
  256 0000001A                 EXPORT           OTG_FS_IRQHandler          [WEA
K]
  257 0000001A                 EXPORT           UART6_IRQHandler           [WEA



ARM Macro Assembler    Page 8 


K]
  258 0000001A                 EXPORT           UART7_IRQHandler           [WEA
K]
  259 0000001A                 EXPORT           UART8_IRQHandler           [WEA
K]
  260 0000001A         
  261 0000001A         WWDG_IRQHandler
  262 0000001A         PVD_IRQHandler
  263 0000001A         TAMPER_IRQHandler
  264 0000001A         RTC_IRQHandler
  265 0000001A         FLASH_IRQHandler
  266 0000001A         RCC_CRS_IRQHandler
  267 0000001A         EXTI0_IRQHandler
  268 0000001A         EXTI1_IRQHandler
  269 0000001A         EXTI2_IRQHandler
  270 0000001A         EXTI3_IRQHandler
  271 0000001A         EXTI4_IRQHandler
  272 0000001A         DMA1_Channel1_IRQHandler
  273 0000001A         DMA1_Channel2_IRQHandler
  274 0000001A         DMA1_Channel3_IRQHandler
  275 0000001A         DMA1_Channel4_IRQHandler
  276 0000001A         DMA1_Channel5_IRQHandler
  277 0000001A         DMA1_Channel6_IRQHandler
  278 0000001A         DMA1_Channel7_IRQHandler
  279 0000001A         ADC1_2_IRQHandler
  280 0000001A         FlashCache_IRQHandler
  281 0000001A         CAN1_RX_IRQHandler
  282 0000001A         EXTI9_5_IRQHandler
  283 0000001A         TIM1_BRK_IRQHandler
  284 0000001A         TIM1_UP_IRQHandler
  285 0000001A         TIM1_TRG_COM_IRQHandler
  286 0000001A         TIM1_CC_IRQHandler
  287 0000001A         TIM2_IRQHandler
  288 0000001A         TIM3_IRQHandler
  289 0000001A         TIM4_IRQHandler
  290 0000001A         I2C1_IRQHandler
  291 0000001A         I2C2_IRQHandler
  292 0000001A         SPI1_IRQHandler
  293 0000001A         SPI2_IRQHandler
  294 0000001A         UART1_IRQHandler
  295 0000001A         UART2_IRQHandler
  296 0000001A         UART3_IRQHandler
  297 0000001A         EXTI15_10_IRQHandler
  298 0000001A         RTCAlarm_IRQHandler
  299 0000001A         OTG_FS_WKUP_IRQHandler
  300 0000001A         TIM8_BRK_IRQHandler
  301 0000001A         TIM8_UP_IRQHandler
  302 0000001A         TIM8_TRG_COM_IRQHandler
  303 0000001A         TIM8_CC_IRQHandler
  304 0000001A         ADC3_IRQHandler
  305 0000001A         SDIO_IRQHandler
  306 0000001A         TIM5_IRQHandler
  307 0000001A         SPI3_IRQHandler
  308 0000001A         UART4_IRQHandler
  309 0000001A         UART5_IRQHandler
  310 0000001A         TIM6_IRQHandler
  311 0000001A         TIM7_IRQHandler
  312 0000001A         DMA2_Channel1_IRQHandler
  313 0000001A         DMA2_Channel2_IRQHandler



ARM Macro Assembler    Page 9 


  314 0000001A         DMA2_Channel3_IRQHandler
  315 0000001A         DMA2_Channel4_IRQHandler
  316 0000001A         DMA2_Channel5_IRQHandler
  317 0000001A         ETH_IRQHandler
  318 0000001A         COMP1_2_IRQHandler
  319 0000001A         OTG_FS_IRQHandler
  320 0000001A         UART6_IRQHandler
  321 0000001A         UART7_IRQHandler
  322 0000001A         UART8_IRQHandler
  323 0000001A         
  324 0000001A         
  325 0000001A E7FE            B                .
  326 0000001C         
  327 0000001C                 ENDP
  328 0000001C         
  329 0000001C                 ALIGN
  330 0000001C         
  331 0000001C         ;*******************************************************
                       ************************
  332 0000001C         ; User Stack and Heap initialization
  333 0000001C         ;*******************************************************
                       ************************
  334 0000001C                 IF               :DEF:__MICROLIB
  335 0000001C         
  336 0000001C                 EXPORT           __initial_sp
  337 0000001C                 EXPORT           __heap_base
  338 0000001C                 EXPORT           __heap_limit
  339 0000001C         
  340 0000001C                 ELSE
  355                          ENDIF
  356 0000001C         
  357 0000001C                 END
              00000000 
              00000000 
Command Line: --debug --xref --diag_suppress=9931 --cpu=Cortex-M3 --apcs=interw
ork --depend=.\objects\startup_mm32f327x_keil.d -o.\objects\startup_mm32f327x_k
eil.o -I.\RTE\_MM32F3277_Demo -I"E:\Keil uvision5\ARM\CMSIS\Include" --predefin
e="__MICROLIB SETA 1" --predefine="__UVISION_VERSION SETA 525" --list=.\listing
s\startup_mm32f327x_keil.lst ..\..\Libraries\Device\MM32F327x\Source\KEIL_Start
Asm\startup_mm32f327x_keil.s



ARM Macro Assembler    Page 1 Alphabetic symbol ordering
Relocatable symbols

STACK 00000000

Symbol: STACK
   Definitions
      At line 10 in file ..\..\Libraries\Device\MM32F327x\Source\KEIL_StartAsm\
startup_mm32f327x_keil.s
   Uses
      None
Comment: STACK unused
Stack_Mem 00000000

Symbol: Stack_Mem
   Definitions
      At line 11 in file ..\..\Libraries\Device\MM32F327x\Source\KEIL_StartAsm\
startup_mm32f327x_keil.s
   Uses
      None
Comment: Stack_Mem unused
__initial_sp 00002000

Symbol: __initial_sp
   Definitions
      At line 12 in file ..\..\Libraries\Device\MM32F327x\Source\KEIL_StartAsm\
startup_mm32f327x_keil.s
   Uses
      At line 33 in file ..\..\Libraries\Device\MM32F327x\Source\KEIL_StartAsm\
startup_mm32f327x_keil.s
      At line 336 in file ..\..\Libraries\Device\MM32F327x\Source\KEIL_StartAsm
\startup_mm32f327x_keil.s

3 symbols



ARM Macro Assembler    Page 1 Alphabetic symbol ordering
Relocatable symbols

HEAP 00000000

Symbol: HEAP
   Definitions
      At line 19 in file ..\..\Libraries\Device\MM32F327x\Source\KEIL_StartAsm\
startup_mm32f327x_keil.s
   Uses
      None
Comment: HEAP unused
Heap_Mem 00000000

Symbol: Heap_Mem
   Definitions
      At line 21 in file ..\..\Libraries\Device\MM32F327x\Source\KEIL_StartAsm\
startup_mm32f327x_keil.s
   Uses
      None
Comment: Heap_Mem unused
__heap_base 00000000

Symbol: __heap_base
   Definitions
      At line 20 in file ..\..\Libraries\Device\MM32F327x\Source\KEIL_StartAsm\
startup_mm32f327x_keil.s
   Uses
      At line 337 in file ..\..\Libraries\Device\MM32F327x\Source\KEIL_StartAsm
\startup_mm32f327x_keil.s
Comment: __heap_base used once
__heap_limit 00000200

Symbol: __heap_limit
   Definitions
      At line 22 in file ..\..\Libraries\Device\MM32F327x\Source\KEIL_StartAsm\
startup_mm32f327x_keil.s
   Uses
      At line 338 in file ..\..\Libraries\Device\MM32F327x\Source\KEIL_StartAsm
\startup_mm32f327x_keil.s
Comment: __heap_limit used once
4 symbols



ARM Macro Assembler    Page 1 Alphabetic symbol ordering
Relocatable symbols

RESET 00000000

Symbol: RESET
   Definitions
      At line 28 in file ..\..\Libraries\Device\MM32F327x\Source\KEIL_StartAsm\
startup_mm32f327x_keil.s
   Uses
      None
Comment: RESET unused
__Vectors 00000000

Symbol: __Vectors
   Definitions
      At line 33 in file ..\..\Libraries\Device\MM32F327x\Source\KEIL_StartAsm\
startup_mm32f327x_keil.s
   Uses
      At line 29 in file ..\..\Libraries\Device\MM32F327x\Source\KEIL_StartAsm\
startup_mm32f327x_keil.s
      At line 137 in file ..\..\Libraries\Device\MM32F327x\Source\KEIL_StartAsm
\startup_mm32f327x_keil.s

__Vectors_End 00000190

Symbol: __Vectors_End
   Definitions
      At line 135 in file ..\..\Libraries\Device\MM32F327x\Source\KEIL_StartAsm
\startup_mm32f327x_keil.s
   Uses
      At line 30 in file ..\..\Libraries\Device\MM32F327x\Source\KEIL_StartAsm\
startup_mm32f327x_keil.s
      At line 137 in file ..\..\Libraries\Device\MM32F327x\Source\KEIL_StartAsm
\startup_mm32f327x_keil.s

3 symbols



ARM Macro Assembler    Page 1 Alphabetic symbol ordering
Relocatable symbols

.text 00000000

Symbol: .text
   Definitions
      At line 139 in file ..\..\Libraries\Device\MM32F327x\Source\KEIL_StartAsm
\startup_mm32f327x_keil.s
   Uses
      None
Comment: .text unused
ADC1_2_IRQHandler 0000001A

Symbol: ADC1_2_IRQHandler
   Definitions
      At line 279 in file ..\..\Libraries\Device\MM32F327x\Source\KEIL_StartAsm
\startup_mm32f327x_keil.s
   Uses
      At line 68 in file ..\..\Libraries\Device\MM32F327x\Source\KEIL_StartAsm\
startup_mm32f327x_keil.s
      At line 216 in file ..\..\Libraries\Device\MM32F327x\Source\KEIL_StartAsm
\startup_mm32f327x_keil.s

ADC3_IRQHandler 0000001A

Symbol: ADC3_IRQHandler
   Definitions
      At line 304 in file ..\..\Libraries\Device\MM32F327x\Source\KEIL_StartAsm
\startup_mm32f327x_keil.s
   Uses
      At line 97 in file ..\..\Libraries\Device\MM32F327x\Source\KEIL_StartAsm\
startup_mm32f327x_keil.s
      At line 241 in file ..\..\Libraries\Device\MM32F327x\Source\KEIL_StartAsm
\startup_mm32f327x_keil.s

BusFault_Handler 0000000E

Symbol: BusFault_Handler
   Definitions
      At line 169 in file ..\..\Libraries\Device\MM32F327x\Source\KEIL_StartAsm
\startup_mm32f327x_keil.s
   Uses
      At line 38 in file ..\..\Libraries\Device\MM32F327x\Source\KEIL_StartAsm\
startup_mm32f327x_keil.s
      At line 170 in file ..\..\Libraries\Device\MM32F327x\Source\KEIL_StartAsm
\startup_mm32f327x_keil.s

CAN1_RX_IRQHandler 0000001A

Symbol: CAN1_RX_IRQHandler
   Definitions
      At line 281 in file ..\..\Libraries\Device\MM32F327x\Source\KEIL_StartAsm
\startup_mm32f327x_keil.s
   Uses
      At line 71 in file ..\..\Libraries\Device\MM32F327x\Source\KEIL_StartAsm\
startup_mm32f327x_keil.s
      At line 218 in file ..\..\Libraries\Device\MM32F327x\Source\KEIL_StartAsm
\startup_mm32f327x_keil.s

COMP1_2_IRQHandler 0000001A




ARM Macro Assembler    Page 2 Alphabetic symbol ordering
Relocatable symbols

Symbol: COMP1_2_IRQHandler
   Definitions
      At line 318 in file ..\..\Libraries\Device\MM32F327x\Source\KEIL_StartAsm
\startup_mm32f327x_keil.s
   Uses
      At line 114 in file ..\..\Libraries\Device\MM32F327x\Source\KEIL_StartAsm
\startup_mm32f327x_keil.s
      At line 255 in file ..\..\Libraries\Device\MM32F327x\Source\KEIL_StartAsm
\startup_mm32f327x_keil.s

DMA1_Channel1_IRQHandler 0000001A

Symbol: DMA1_Channel1_IRQHandler
   Definitions
      At line 272 in file ..\..\Libraries\Device\MM32F327x\Source\KEIL_StartAsm
\startup_mm32f327x_keil.s
   Uses
      At line 61 in file ..\..\Libraries\Device\MM32F327x\Source\KEIL_StartAsm\
startup_mm32f327x_keil.s
      At line 209 in file ..\..\Libraries\Device\MM32F327x\Source\KEIL_StartAsm
\startup_mm32f327x_keil.s

DMA1_Channel2_IRQHandler 0000001A

Symbol: DMA1_Channel2_IRQHandler
   Definitions
      At line 273 in file ..\..\Libraries\Device\MM32F327x\Source\KEIL_StartAsm
\startup_mm32f327x_keil.s
   Uses
      At line 62 in file ..\..\Libraries\Device\MM32F327x\Source\KEIL_StartAsm\
startup_mm32f327x_keil.s
      At line 210 in file ..\..\Libraries\Device\MM32F327x\Source\KEIL_StartAsm
\startup_mm32f327x_keil.s

DMA1_Channel3_IRQHandler 0000001A

Symbol: DMA1_Channel3_IRQHandler
   Definitions
      At line 274 in file ..\..\Libraries\Device\MM32F327x\Source\KEIL_StartAsm
\startup_mm32f327x_keil.s
   Uses
      At line 63 in file ..\..\Libraries\Device\MM32F327x\Source\KEIL_StartAsm\
startup_mm32f327x_keil.s
      At line 211 in file ..\..\Libraries\Device\MM32F327x\Source\KEIL_StartAsm
\startup_mm32f327x_keil.s

DMA1_Channel4_IRQHandler 0000001A

Symbol: DMA1_Channel4_IRQHandler
   Definitions
      At line 275 in file ..\..\Libraries\Device\MM32F327x\Source\KEIL_StartAsm
\startup_mm32f327x_keil.s
   Uses
      At line 64 in file ..\..\Libraries\Device\MM32F327x\Source\KEIL_StartAsm\
startup_mm32f327x_keil.s
      At line 212 in file ..\..\Libraries\Device\MM32F327x\Source\KEIL_StartAsm
\startup_mm32f327x_keil.s

DMA1_Channel5_IRQHandler 0000001A



ARM Macro Assembler    Page 3 Alphabetic symbol ordering
Relocatable symbols


Symbol: DMA1_Channel5_IRQHandler
   Definitions
      At line 276 in file ..\..\Libraries\Device\MM32F327x\Source\KEIL_StartAsm
\startup_mm32f327x_keil.s
   Uses
      At line 65 in file ..\..\Libraries\Device\MM32F327x\Source\KEIL_StartAsm\
startup_mm32f327x_keil.s
      At line 213 in file ..\..\Libraries\Device\MM32F327x\Source\KEIL_StartAsm
\startup_mm32f327x_keil.s

DMA1_Channel6_IRQHandler 0000001A

Symbol: DMA1_Channel6_IRQHandler
   Definitions
      At line 277 in file ..\..\Libraries\Device\MM32F327x\Source\KEIL_StartAsm
\startup_mm32f327x_keil.s
   Uses
      At line 66 in file ..\..\Libraries\Device\MM32F327x\Source\KEIL_StartAsm\
startup_mm32f327x_keil.s
      At line 214 in file ..\..\Libraries\Device\MM32F327x\Source\KEIL_StartAsm
\startup_mm32f327x_keil.s

DMA1_Channel7_IRQHandler 0000001A

Symbol: DMA1_Channel7_IRQHandler
   Definitions
      At line 278 in file ..\..\Libraries\Device\MM32F327x\Source\KEIL_StartAsm
\startup_mm32f327x_keil.s
   Uses
      At line 67 in file ..\..\Libraries\Device\MM32F327x\Source\KEIL_StartAsm\
startup_mm32f327x_keil.s
      At line 215 in file ..\..\Libraries\Device\MM32F327x\Source\KEIL_StartAsm
\startup_mm32f327x_keil.s

DMA2_Channel1_IRQHandler 0000001A

Symbol: DMA2_Channel1_IRQHandler
   Definitions
      At line 312 in file ..\..\Libraries\Device\MM32F327x\Source\KEIL_StartAsm
\startup_mm32f327x_keil.s
   Uses
      At line 106 in file ..\..\Libraries\Device\MM32F327x\Source\KEIL_StartAsm
\startup_mm32f327x_keil.s
      At line 249 in file ..\..\Libraries\Device\MM32F327x\Source\KEIL_StartAsm
\startup_mm32f327x_keil.s

DMA2_Channel2_IRQHandler 0000001A

Symbol: DMA2_Channel2_IRQHandler
   Definitions
      At line 313 in file ..\..\Libraries\Device\MM32F327x\Source\KEIL_StartAsm
\startup_mm32f327x_keil.s
   Uses
      At line 107 in file ..\..\Libraries\Device\MM32F327x\Source\KEIL_StartAsm
\startup_mm32f327x_keil.s
      At line 250 in file ..\..\Libraries\Device\MM32F327x\Source\KEIL_StartAsm
\startup_mm32f327x_keil.s




ARM Macro Assembler    Page 4 Alphabetic symbol ordering
Relocatable symbols

DMA2_Channel3_IRQHandler 0000001A

Symbol: DMA2_Channel3_IRQHandler
   Definitions
      At line 314 in file ..\..\Libraries\Device\MM32F327x\Source\KEIL_StartAsm
\startup_mm32f327x_keil.s
   Uses
      At line 108 in file ..\..\Libraries\Device\MM32F327x\Source\KEIL_StartAsm
\startup_mm32f327x_keil.s
      At line 251 in file ..\..\Libraries\Device\MM32F327x\Source\KEIL_StartAsm
\startup_mm32f327x_keil.s

DMA2_Channel4_IRQHandler 0000001A

Symbol: DMA2_Channel4_IRQHandler
   Definitions
      At line 315 in file ..\..\Libraries\Device\MM32F327x\Source\KEIL_StartAsm
\startup_mm32f327x_keil.s
   Uses
      At line 109 in file ..\..\Libraries\Device\MM32F327x\Source\KEIL_StartAsm
\startup_mm32f327x_keil.s
      At line 252 in file ..\..\Libraries\Device\MM32F327x\Source\KEIL_StartAsm
\startup_mm32f327x_keil.s

DMA2_Channel5_IRQHandler 0000001A

Symbol: DMA2_Channel5_IRQHandler
   Definitions
      At line 316 in file ..\..\Libraries\Device\MM32F327x\Source\KEIL_StartAsm
\startup_mm32f327x_keil.s
   Uses
      At line 110 in file ..\..\Libraries\Device\MM32F327x\Source\KEIL_StartAsm
\startup_mm32f327x_keil.s
      At line 253 in file ..\..\Libraries\Device\MM32F327x\Source\KEIL_StartAsm
\startup_mm32f327x_keil.s

DebugMon_Handler 00000014

Symbol: DebugMon_Handler
   Definitions
      At line 183 in file ..\..\Libraries\Device\MM32F327x\Source\KEIL_StartAsm
\startup_mm32f327x_keil.s
   Uses
      At line 46 in file ..\..\Libraries\Device\MM32F327x\Source\KEIL_StartAsm\
startup_mm32f327x_keil.s
      At line 184 in file ..\..\Libraries\Device\MM32F327x\Source\KEIL_StartAsm
\startup_mm32f327x_keil.s

Default_Handler 0000001A

Symbol: Default_Handler
   Definitions
      At line 196 in file ..\..\Libraries\Device\MM32F327x\Source\KEIL_StartAsm
\startup_mm32f327x_keil.s
   Uses
      None
Comment: Default_Handler unused
ETH_IRQHandler 0000001A




ARM Macro Assembler    Page 5 Alphabetic symbol ordering
Relocatable symbols

Symbol: ETH_IRQHandler
   Definitions
      At line 317 in file ..\..\Libraries\Device\MM32F327x\Source\KEIL_StartAsm
\startup_mm32f327x_keil.s
   Uses
      At line 111 in file ..\..\Libraries\Device\MM32F327x\Source\KEIL_StartAsm
\startup_mm32f327x_keil.s
      At line 254 in file ..\..\Libraries\Device\MM32F327x\Source\KEIL_StartAsm
\startup_mm32f327x_keil.s

EXTI0_IRQHandler 0000001A

Symbol: EXTI0_IRQHandler
   Definitions
      At line 267 in file ..\..\Libraries\Device\MM32F327x\Source\KEIL_StartAsm
\startup_mm32f327x_keil.s
   Uses
      At line 56 in file ..\..\Libraries\Device\MM32F327x\Source\KEIL_StartAsm\
startup_mm32f327x_keil.s
      At line 204 in file ..\..\Libraries\Device\MM32F327x\Source\KEIL_StartAsm
\startup_mm32f327x_keil.s

EXTI15_10_IRQHandler 0000001A

Symbol: EXTI15_10_IRQHandler
   Definitions
      At line 297 in file ..\..\Libraries\Device\MM32F327x\Source\KEIL_StartAsm
\startup_mm32f327x_keil.s
   Uses
      At line 90 in file ..\..\Libraries\Device\MM32F327x\Source\KEIL_StartAsm\
startup_mm32f327x_keil.s
      At line 234 in file ..\..\Libraries\Device\MM32F327x\Source\KEIL_StartAsm
\startup_mm32f327x_keil.s

EXTI1_IRQHandler 0000001A

Symbol: EXTI1_IRQHandler
   Definitions
      At line 268 in file ..\..\Libraries\Device\MM32F327x\Source\KEIL_StartAsm
\startup_mm32f327x_keil.s
   Uses
      At line 57 in file ..\..\Libraries\Device\MM32F327x\Source\KEIL_StartAsm\
startup_mm32f327x_keil.s
      At line 205 in file ..\..\Libraries\Device\MM32F327x\Source\KEIL_StartAsm
\startup_mm32f327x_keil.s

EXTI2_IRQHandler 0000001A

Symbol: EXTI2_IRQHandler
   Definitions
      At line 269 in file ..\..\Libraries\Device\MM32F327x\Source\KEIL_StartAsm
\startup_mm32f327x_keil.s
   Uses
      At line 58 in file ..\..\Libraries\Device\MM32F327x\Source\KEIL_StartAsm\
startup_mm32f327x_keil.s
      At line 206 in file ..\..\Libraries\Device\MM32F327x\Source\KEIL_StartAsm
\startup_mm32f327x_keil.s

EXTI3_IRQHandler 0000001A



ARM Macro Assembler    Page 6 Alphabetic symbol ordering
Relocatable symbols


Symbol: EXTI3_IRQHandler
   Definitions
      At line 270 in file ..\..\Libraries\Device\MM32F327x\Source\KEIL_StartAsm
\startup_mm32f327x_keil.s
   Uses
      At line 59 in file ..\..\Libraries\Device\MM32F327x\Source\KEIL_StartAsm\
startup_mm32f327x_keil.s
      At line 207 in file ..\..\Libraries\Device\MM32F327x\Source\KEIL_StartAsm
\startup_mm32f327x_keil.s

EXTI4_IRQHandler 0000001A

Symbol: EXTI4_IRQHandler
   Definitions
      At line 271 in file ..\..\Libraries\Device\MM32F327x\Source\KEIL_StartAsm
\startup_mm32f327x_keil.s
   Uses
      At line 60 in file ..\..\Libraries\Device\MM32F327x\Source\KEIL_StartAsm\
startup_mm32f327x_keil.s
      At line 208 in file ..\..\Libraries\Device\MM32F327x\Source\KEIL_StartAsm
\startup_mm32f327x_keil.s

EXTI9_5_IRQHandler 0000001A

Symbol: EXTI9_5_IRQHandler
   Definitions
      At line 282 in file ..\..\Libraries\Device\MM32F327x\Source\KEIL_StartAsm
\startup_mm32f327x_keil.s
   Uses
      At line 73 in file ..\..\Libraries\Device\MM32F327x\Source\KEIL_StartAsm\
startup_mm32f327x_keil.s
      At line 219 in file ..\..\Libraries\Device\MM32F327x\Source\KEIL_StartAsm
\startup_mm32f327x_keil.s

FLASH_IRQHandler 0000001A

Symbol: FLASH_IRQHandler
   Definitions
      At line 265 in file ..\..\Libraries\Device\MM32F327x\Source\KEIL_StartAsm
\startup_mm32f327x_keil.s
   Uses
      At line 54 in file ..\..\Libraries\Device\MM32F327x\Source\KEIL_StartAsm\
startup_mm32f327x_keil.s
      At line 202 in file ..\..\Libraries\Device\MM32F327x\Source\KEIL_StartAsm
\startup_mm32f327x_keil.s

FlashCache_IRQHandler 0000001A

Symbol: FlashCache_IRQHandler
   Definitions
      At line 280 in file ..\..\Libraries\Device\MM32F327x\Source\KEIL_StartAsm
\startup_mm32f327x_keil.s
   Uses
      At line 69 in file ..\..\Libraries\Device\MM32F327x\Source\KEIL_StartAsm\
startup_mm32f327x_keil.s
      At line 217 in file ..\..\Libraries\Device\MM32F327x\Source\KEIL_StartAsm
\startup_mm32f327x_keil.s




ARM Macro Assembler    Page 7 Alphabetic symbol ordering
Relocatable symbols

HardFault_Handler 0000000A

Symbol: HardFault_Handler
   Definitions
      At line 159 in file ..\..\Libraries\Device\MM32F327x\Source\KEIL_StartAsm
\startup_mm32f327x_keil.s
   Uses
      At line 36 in file ..\..\Libraries\Device\MM32F327x\Source\KEIL_StartAsm\
startup_mm32f327x_keil.s
      At line 160 in file ..\..\Libraries\Device\MM32F327x\Source\KEIL_StartAsm
\startup_mm32f327x_keil.s

I2C1_IRQHandler 0000001A

Symbol: I2C1_IRQHandler
   Definitions
      At line 290 in file ..\..\Libraries\Device\MM32F327x\Source\KEIL_StartAsm
\startup_mm32f327x_keil.s
   Uses
      At line 81 in file ..\..\Libraries\Device\MM32F327x\Source\KEIL_StartAsm\
startup_mm32f327x_keil.s
      At line 227 in file ..\..\Libraries\Device\MM32F327x\Source\KEIL_StartAsm
\startup_mm32f327x_keil.s

I2C2_IRQHandler 0000001A

Symbol: I2C2_IRQHandler
   Definitions
      At line 291 in file ..\..\Libraries\Device\MM32F327x\Source\KEIL_StartAsm
\startup_mm32f327x_keil.s
   Uses
      At line 83 in file ..\..\Libraries\Device\MM32F327x\Source\KEIL_StartAsm\
startup_mm32f327x_keil.s
      At line 228 in file ..\..\Libraries\Device\MM32F327x\Source\KEIL_StartAsm
\startup_mm32f327x_keil.s

MemManage_Handler 0000000C

Symbol: MemManage_Handler
   Definitions
      At line 164 in file ..\..\Libraries\Device\MM32F327x\Source\KEIL_StartAsm
\startup_mm32f327x_keil.s
   Uses
      At line 37 in file ..\..\Libraries\Device\MM32F327x\Source\KEIL_StartAsm\
startup_mm32f327x_keil.s
      At line 165 in file ..\..\Libraries\Device\MM32F327x\Source\KEIL_StartAsm
\startup_mm32f327x_keil.s

NMI_Handler 00000008

Symbol: NMI_Handler
   Definitions
      At line 154 in file ..\..\Libraries\Device\MM32F327x\Source\KEIL_StartAsm
\startup_mm32f327x_keil.s
   Uses
      At line 35 in file ..\..\Libraries\Device\MM32F327x\Source\KEIL_StartAsm\
startup_mm32f327x_keil.s
      At line 155 in file ..\..\Libraries\Device\MM32F327x\Source\KEIL_StartAsm
\startup_mm32f327x_keil.s



ARM Macro Assembler    Page 8 Alphabetic symbol ordering
Relocatable symbols


OTG_FS_IRQHandler 0000001A

Symbol: OTG_FS_IRQHandler
   Definitions
      At line 319 in file ..\..\Libraries\Device\MM32F327x\Source\KEIL_StartAsm
\startup_mm32f327x_keil.s
   Uses
      At line 117 in file ..\..\Libraries\Device\MM32F327x\Source\KEIL_StartAsm
\startup_mm32f327x_keil.s
      At line 256 in file ..\..\Libraries\Device\MM32F327x\Source\KEIL_StartAsm
\startup_mm32f327x_keil.s

OTG_FS_WKUP_IRQHandler 0000001A

Symbol: OTG_FS_WKUP_IRQHandler
   Definitions
      At line 299 in file ..\..\Libraries\Device\MM32F327x\Source\KEIL_StartAsm
\startup_mm32f327x_keil.s
   Uses
      At line 92 in file ..\..\Libraries\Device\MM32F327x\Source\KEIL_StartAsm\
startup_mm32f327x_keil.s
      At line 236 in file ..\..\Libraries\Device\MM32F327x\Source\KEIL_StartAsm
\startup_mm32f327x_keil.s

PVD_IRQHandler 0000001A

Symbol: PVD_IRQHandler
   Definitions
      At line 262 in file ..\..\Libraries\Device\MM32F327x\Source\KEIL_StartAsm
\startup_mm32f327x_keil.s
   Uses
      At line 51 in file ..\..\Libraries\Device\MM32F327x\Source\KEIL_StartAsm\
startup_mm32f327x_keil.s
      At line 199 in file ..\..\Libraries\Device\MM32F327x\Source\KEIL_StartAsm
\startup_mm32f327x_keil.s

PendSV_Handler 00000016

Symbol: PendSV_Handler
   Definitions
      At line 187 in file ..\..\Libraries\Device\MM32F327x\Source\KEIL_StartAsm
\startup_mm32f327x_keil.s
   Uses
      At line 48 in file ..\..\Libraries\Device\MM32F327x\Source\KEIL_StartAsm\
startup_mm32f327x_keil.s
      At line 188 in file ..\..\Libraries\Device\MM32F327x\Source\KEIL_StartAsm
\startup_mm32f327x_keil.s

RCC_CRS_IRQHandler 0000001A

Symbol: RCC_CRS_IRQHandler
   Definitions
      At line 266 in file ..\..\Libraries\Device\MM32F327x\Source\KEIL_StartAsm
\startup_mm32f327x_keil.s
   Uses
      At line 55 in file ..\..\Libraries\Device\MM32F327x\Source\KEIL_StartAsm\
startup_mm32f327x_keil.s
      At line 203 in file ..\..\Libraries\Device\MM32F327x\Source\KEIL_StartAsm



ARM Macro Assembler    Page 9 Alphabetic symbol ordering
Relocatable symbols

\startup_mm32f327x_keil.s

RTCAlarm_IRQHandler 0000001A

Symbol: RTCAlarm_IRQHandler
   Definitions
      At line 298 in file ..\..\Libraries\Device\MM32F327x\Source\KEIL_StartAsm
\startup_mm32f327x_keil.s
   Uses
      At line 91 in file ..\..\Libraries\Device\MM32F327x\Source\KEIL_StartAsm\
startup_mm32f327x_keil.s
      At line 235 in file ..\..\Libraries\Device\MM32F327x\Source\KEIL_StartAsm
\startup_mm32f327x_keil.s

RTC_IRQHandler 0000001A

Symbol: RTC_IRQHandler
   Definitions
      At line 264 in file ..\..\Libraries\Device\MM32F327x\Source\KEIL_StartAsm
\startup_mm32f327x_keil.s
   Uses
      At line 53 in file ..\..\Libraries\Device\MM32F327x\Source\KEIL_StartAsm\
startup_mm32f327x_keil.s
      At line 201 in file ..\..\Libraries\Device\MM32F327x\Source\KEIL_StartAsm
\startup_mm32f327x_keil.s

Reset_Handler 00000000

Symbol: Reset_Handler
   Definitions
      At line 142 in file ..\..\Libraries\Device\MM32F327x\Source\KEIL_StartAsm
\startup_mm32f327x_keil.s
   Uses
      At line 34 in file ..\..\Libraries\Device\MM32F327x\Source\KEIL_StartAsm\
startup_mm32f327x_keil.s
      At line 143 in file ..\..\Libraries\Device\MM32F327x\Source\KEIL_StartAsm
\startup_mm32f327x_keil.s

SDIO_IRQHandler 0000001A

Symbol: SDIO_IRQHandler
   Definitions
      At line 305 in file ..\..\Libraries\Device\MM32F327x\Source\KEIL_StartAsm
\startup_mm32f327x_keil.s
   Uses
      At line 99 in file ..\..\Libraries\Device\MM32F327x\Source\KEIL_StartAsm\
startup_mm32f327x_keil.s
      At line 242 in file ..\..\Libraries\Device\MM32F327x\Source\KEIL_StartAsm
\startup_mm32f327x_keil.s

SPI1_IRQHandler 0000001A

Symbol: SPI1_IRQHandler
   Definitions
      At line 292 in file ..\..\Libraries\Device\MM32F327x\Source\KEIL_StartAsm
\startup_mm32f327x_keil.s
   Uses
      At line 85 in file ..\..\Libraries\Device\MM32F327x\Source\KEIL_StartAsm\
startup_mm32f327x_keil.s



ARM Macro Assembler    Page 10 Alphabetic symbol ordering
Relocatable symbols

      At line 229 in file ..\..\Libraries\Device\MM32F327x\Source\KEIL_StartAsm
\startup_mm32f327x_keil.s

SPI2_IRQHandler 0000001A

Symbol: SPI2_IRQHandler
   Definitions
      At line 293 in file ..\..\Libraries\Device\MM32F327x\Source\KEIL_StartAsm
\startup_mm32f327x_keil.s
   Uses
      At line 86 in file ..\..\Libraries\Device\MM32F327x\Source\KEIL_StartAsm\
startup_mm32f327x_keil.s
      At line 230 in file ..\..\Libraries\Device\MM32F327x\Source\KEIL_StartAsm
\startup_mm32f327x_keil.s

SPI3_IRQHandler 0000001A

Symbol: SPI3_IRQHandler
   Definitions
      At line 307 in file ..\..\Libraries\Device\MM32F327x\Source\KEIL_StartAsm
\startup_mm32f327x_keil.s
   Uses
      At line 101 in file ..\..\Libraries\Device\MM32F327x\Source\KEIL_StartAsm
\startup_mm32f327x_keil.s
      At line 244 in file ..\..\Libraries\Device\MM32F327x\Source\KEIL_StartAsm
\startup_mm32f327x_keil.s

SVC_Handler 00000012

Symbol: SVC_Handler
   Definitions
      At line 178 in file ..\..\Libraries\Device\MM32F327x\Source\KEIL_StartAsm
\startup_mm32f327x_keil.s
   Uses
      At line 45 in file ..\..\Libraries\Device\MM32F327x\Source\KEIL_StartAsm\
startup_mm32f327x_keil.s
      At line 179 in file ..\..\Libraries\Device\MM32F327x\Source\KEIL_StartAsm
\startup_mm32f327x_keil.s

SysTick_Handler 00000018

Symbol: SysTick_Handler
   Definitions
      At line 191 in file ..\..\Libraries\Device\MM32F327x\Source\KEIL_StartAsm
\startup_mm32f327x_keil.s
   Uses
      At line 49 in file ..\..\Libraries\Device\MM32F327x\Source\KEIL_StartAsm\
startup_mm32f327x_keil.s
      At line 192 in file ..\..\Libraries\Device\MM32F327x\Source\KEIL_StartAsm
\startup_mm32f327x_keil.s

TAMPER_IRQHandler 0000001A

Symbol: TAMPER_IRQHandler
   Definitions
      At line 263 in file ..\..\Libraries\Device\MM32F327x\Source\KEIL_StartAsm
\startup_mm32f327x_keil.s
   Uses
      At line 52 in file ..\..\Libraries\Device\MM32F327x\Source\KEIL_StartAsm\



ARM Macro Assembler    Page 11 Alphabetic symbol ordering
Relocatable symbols

startup_mm32f327x_keil.s
      At line 200 in file ..\..\Libraries\Device\MM32F327x\Source\KEIL_StartAsm
\startup_mm32f327x_keil.s

TIM1_BRK_IRQHandler 0000001A

Symbol: TIM1_BRK_IRQHandler
   Definitions
      At line 283 in file ..\..\Libraries\Device\MM32F327x\Source\KEIL_StartAsm
\startup_mm32f327x_keil.s
   Uses
      At line 74 in file ..\..\Libraries\Device\MM32F327x\Source\KEIL_StartAsm\
startup_mm32f327x_keil.s
      At line 220 in file ..\..\Libraries\Device\MM32F327x\Source\KEIL_StartAsm
\startup_mm32f327x_keil.s

TIM1_CC_IRQHandler 0000001A

Symbol: TIM1_CC_IRQHandler
   Definitions
      At line 286 in file ..\..\Libraries\Device\MM32F327x\Source\KEIL_StartAsm
\startup_mm32f327x_keil.s
   Uses
      At line 77 in file ..\..\Libraries\Device\MM32F327x\Source\KEIL_StartAsm\
startup_mm32f327x_keil.s
      At line 223 in file ..\..\Libraries\Device\MM32F327x\Source\KEIL_StartAsm
\startup_mm32f327x_keil.s

TIM1_TRG_COM_IRQHandler 0000001A

Symbol: TIM1_TRG_COM_IRQHandler
   Definitions
      At line 285 in file ..\..\Libraries\Device\MM32F327x\Source\KEIL_StartAsm
\startup_mm32f327x_keil.s
   Uses
      At line 76 in file ..\..\Libraries\Device\MM32F327x\Source\KEIL_StartAsm\
startup_mm32f327x_keil.s
      At line 222 in file ..\..\Libraries\Device\MM32F327x\Source\KEIL_StartAsm
\startup_mm32f327x_keil.s

TIM1_UP_IRQHandler 0000001A

Symbol: TIM1_UP_IRQHandler
   Definitions
      At line 284 in file ..\..\Libraries\Device\MM32F327x\Source\KEIL_StartAsm
\startup_mm32f327x_keil.s
   Uses
      At line 75 in file ..\..\Libraries\Device\MM32F327x\Source\KEIL_StartAsm\
startup_mm32f327x_keil.s
      At line 221 in file ..\..\Libraries\Device\MM32F327x\Source\KEIL_StartAsm
\startup_mm32f327x_keil.s

TIM2_IRQHandler 0000001A

Symbol: TIM2_IRQHandler
   Definitions
      At line 287 in file ..\..\Libraries\Device\MM32F327x\Source\KEIL_StartAsm
\startup_mm32f327x_keil.s
   Uses



ARM Macro Assembler    Page 12 Alphabetic symbol ordering
Relocatable symbols

      At line 78 in file ..\..\Libraries\Device\MM32F327x\Source\KEIL_StartAsm\
startup_mm32f327x_keil.s
      At line 224 in file ..\..\Libraries\Device\MM32F327x\Source\KEIL_StartAsm
\startup_mm32f327x_keil.s

TIM3_IRQHandler 0000001A

Symbol: TIM3_IRQHandler
   Definitions
      At line 288 in file ..\..\Libraries\Device\MM32F327x\Source\KEIL_StartAsm
\startup_mm32f327x_keil.s
   Uses
      At line 79 in file ..\..\Libraries\Device\MM32F327x\Source\KEIL_StartAsm\
startup_mm32f327x_keil.s
      At line 225 in file ..\..\Libraries\Device\MM32F327x\Source\KEIL_StartAsm
\startup_mm32f327x_keil.s

TIM4_IRQHandler 0000001A

Symbol: TIM4_IRQHandler
   Definitions
      At line 289 in file ..\..\Libraries\Device\MM32F327x\Source\KEIL_StartAsm
\startup_mm32f327x_keil.s
   Uses
      At line 80 in file ..\..\Libraries\Device\MM32F327x\Source\KEIL_StartAsm\
startup_mm32f327x_keil.s
      At line 226 in file ..\..\Libraries\Device\MM32F327x\Source\KEIL_StartAsm
\startup_mm32f327x_keil.s

TIM5_IRQHandler 0000001A

Symbol: TIM5_IRQHandler
   Definitions
      At line 306 in file ..\..\Libraries\Device\MM32F327x\Source\KEIL_StartAsm
\startup_mm32f327x_keil.s
   Uses
      At line 100 in file ..\..\Libraries\Device\MM32F327x\Source\KEIL_StartAsm
\startup_mm32f327x_keil.s
      At line 243 in file ..\..\Libraries\Device\MM32F327x\Source\KEIL_StartAsm
\startup_mm32f327x_keil.s

TIM6_IRQHandler 0000001A

Symbol: TIM6_IRQHandler
   Definitions
      At line 310 in file ..\..\Libraries\Device\MM32F327x\Source\KEIL_StartAsm
\startup_mm32f327x_keil.s
   Uses
      At line 104 in file ..\..\Libraries\Device\MM32F327x\Source\KEIL_StartAsm
\startup_mm32f327x_keil.s
      At line 247 in file ..\..\Libraries\Device\MM32F327x\Source\KEIL_StartAsm
\startup_mm32f327x_keil.s

TIM7_IRQHandler 0000001A

Symbol: TIM7_IRQHandler
   Definitions
      At line 311 in file ..\..\Libraries\Device\MM32F327x\Source\KEIL_StartAsm
\startup_mm32f327x_keil.s



ARM Macro Assembler    Page 13 Alphabetic symbol ordering
Relocatable symbols

   Uses
      At line 105 in file ..\..\Libraries\Device\MM32F327x\Source\KEIL_StartAsm
\startup_mm32f327x_keil.s
      At line 248 in file ..\..\Libraries\Device\MM32F327x\Source\KEIL_StartAsm
\startup_mm32f327x_keil.s

TIM8_BRK_IRQHandler 0000001A

Symbol: TIM8_BRK_IRQHandler
   Definitions
      At line 300 in file ..\..\Libraries\Device\MM32F327x\Source\KEIL_StartAsm
\startup_mm32f327x_keil.s
   Uses
      At line 93 in file ..\..\Libraries\Device\MM32F327x\Source\KEIL_StartAsm\
startup_mm32f327x_keil.s
      At line 237 in file ..\..\Libraries\Device\MM32F327x\Source\KEIL_StartAsm
\startup_mm32f327x_keil.s

TIM8_CC_IRQHandler 0000001A

Symbol: TIM8_CC_IRQHandler
   Definitions
      At line 303 in file ..\..\Libraries\Device\MM32F327x\Source\KEIL_StartAsm
\startup_mm32f327x_keil.s
   Uses
      At line 96 in file ..\..\Libraries\Device\MM32F327x\Source\KEIL_StartAsm\
startup_mm32f327x_keil.s
      At line 240 in file ..\..\Libraries\Device\MM32F327x\Source\KEIL_StartAsm
\startup_mm32f327x_keil.s

TIM8_TRG_COM_IRQHandler 0000001A

Symbol: TIM8_TRG_COM_IRQHandler
   Definitions
      At line 302 in file ..\..\Libraries\Device\MM32F327x\Source\KEIL_StartAsm
\startup_mm32f327x_keil.s
   Uses
      At line 95 in file ..\..\Libraries\Device\MM32F327x\Source\KEIL_StartAsm\
startup_mm32f327x_keil.s
      At line 239 in file ..\..\Libraries\Device\MM32F327x\Source\KEIL_StartAsm
\startup_mm32f327x_keil.s

TIM8_UP_IRQHandler 0000001A

Symbol: TIM8_UP_IRQHandler
   Definitions
      At line 301 in file ..\..\Libraries\Device\MM32F327x\Source\KEIL_StartAsm
\startup_mm32f327x_keil.s
   Uses
      At line 94 in file ..\..\Libraries\Device\MM32F327x\Source\KEIL_StartAsm\
startup_mm32f327x_keil.s
      At line 238 in file ..\..\Libraries\Device\MM32F327x\Source\KEIL_StartAsm
\startup_mm32f327x_keil.s

UART1_IRQHandler 0000001A

Symbol: UART1_IRQHandler
   Definitions
      At line 294 in file ..\..\Libraries\Device\MM32F327x\Source\KEIL_StartAsm



ARM Macro Assembler    Page 14 Alphabetic symbol ordering
Relocatable symbols

\startup_mm32f327x_keil.s
   Uses
      At line 87 in file ..\..\Libraries\Device\MM32F327x\Source\KEIL_StartAsm\
startup_mm32f327x_keil.s
      At line 231 in file ..\..\Libraries\Device\MM32F327x\Source\KEIL_StartAsm
\startup_mm32f327x_keil.s

UART2_IRQHandler 0000001A

Symbol: UART2_IRQHandler
   Definitions
      At line 295 in file ..\..\Libraries\Device\MM32F327x\Source\KEIL_StartAsm
\startup_mm32f327x_keil.s
   Uses
      At line 88 in file ..\..\Libraries\Device\MM32F327x\Source\KEIL_StartAsm\
startup_mm32f327x_keil.s
      At line 232 in file ..\..\Libraries\Device\MM32F327x\Source\KEIL_StartAsm
\startup_mm32f327x_keil.s

UART3_IRQHandler 0000001A

Symbol: UART3_IRQHandler
   Definitions
      At line 296 in file ..\..\Libraries\Device\MM32F327x\Source\KEIL_StartAsm
\startup_mm32f327x_keil.s
   Uses
      At line 89 in file ..\..\Libraries\Device\MM32F327x\Source\KEIL_StartAsm\
startup_mm32f327x_keil.s
      At line 233 in file ..\..\Libraries\Device\MM32F327x\Source\KEIL_StartAsm
\startup_mm32f327x_keil.s

UART4_IRQHandler 0000001A

Symbol: UART4_IRQHandler
   Definitions
      At line 308 in file ..\..\Libraries\Device\MM32F327x\Source\KEIL_StartAsm
\startup_mm32f327x_keil.s
   Uses
      At line 102 in file ..\..\Libraries\Device\MM32F327x\Source\KEIL_StartAsm
\startup_mm32f327x_keil.s
      At line 245 in file ..\..\Libraries\Device\MM32F327x\Source\KEIL_StartAsm
\startup_mm32f327x_keil.s

UART5_IRQHandler 0000001A

Symbol: UART5_IRQHandler
   Definitions
      At line 309 in file ..\..\Libraries\Device\MM32F327x\Source\KEIL_StartAsm
\startup_mm32f327x_keil.s
   Uses
      At line 103 in file ..\..\Libraries\Device\MM32F327x\Source\KEIL_StartAsm
\startup_mm32f327x_keil.s
      At line 246 in file ..\..\Libraries\Device\MM32F327x\Source\KEIL_StartAsm
\startup_mm32f327x_keil.s

UART6_IRQHandler 0000001A

Symbol: UART6_IRQHandler
   Definitions



ARM Macro Assembler    Page 15 Alphabetic symbol ordering
Relocatable symbols

      At line 320 in file ..\..\Libraries\Device\MM32F327x\Source\KEIL_StartAsm
\startup_mm32f327x_keil.s
   Uses
      At line 121 in file ..\..\Libraries\Device\MM32F327x\Source\KEIL_StartAsm
\startup_mm32f327x_keil.s
      At line 257 in file ..\..\Libraries\Device\MM32F327x\Source\KEIL_StartAsm
\startup_mm32f327x_keil.s

UART7_IRQHandler 0000001A

Symbol: UART7_IRQHandler
   Definitions
      At line 321 in file ..\..\Libraries\Device\MM32F327x\Source\KEIL_StartAsm
\startup_mm32f327x_keil.s
   Uses
      At line 132 in file ..\..\Libraries\Device\MM32F327x\Source\KEIL_StartAsm
\startup_mm32f327x_keil.s
      At line 258 in file ..\..\Libraries\Device\MM32F327x\Source\KEIL_StartAsm
\startup_mm32f327x_keil.s

UART8_IRQHandler 0000001A

Symbol: UART8_IRQHandler
   Definitions
      At line 322 in file ..\..\Libraries\Device\MM32F327x\Source\KEIL_StartAsm
\startup_mm32f327x_keil.s
   Uses
      At line 133 in file ..\..\Libraries\Device\MM32F327x\Source\KEIL_StartAsm
\startup_mm32f327x_keil.s
      At line 259 in file ..\..\Libraries\Device\MM32F327x\Source\KEIL_StartAsm
\startup_mm32f327x_keil.s

UsageFault_Handler 00000010

Symbol: UsageFault_Handler
   Definitions
      At line 174 in file ..\..\Libraries\Device\MM32F327x\Source\KEIL_StartAsm
\startup_mm32f327x_keil.s
   Uses
      At line 39 in file ..\..\Libraries\Device\MM32F327x\Source\KEIL_StartAsm\
startup_mm32f327x_keil.s
      At line 175 in file ..\..\Libraries\Device\MM32F327x\Source\KEIL_StartAsm
\startup_mm32f327x_keil.s

WWDG_IRQHandler 0000001A

Symbol: WWDG_IRQHandler
   Definitions
      At line 261 in file ..\..\Libraries\Device\MM32F327x\Source\KEIL_StartAsm
\startup_mm32f327x_keil.s
   Uses
      At line 50 in file ..\..\Libraries\Device\MM32F327x\Source\KEIL_StartAsm\
startup_mm32f327x_keil.s
      At line 198 in file ..\..\Libraries\Device\MM32F327x\Source\KEIL_StartAsm
\startup_mm32f327x_keil.s

74 symbols



ARM Macro Assembler    Page 1 Alphabetic symbol ordering
Absolute symbols

Heap_Size 00000200

Symbol: Heap_Size
   Definitions
      At line 17 in file ..\..\Libraries\Device\MM32F327x\Source\KEIL_StartAsm\
startup_mm32f327x_keil.s
   Uses
      At line 21 in file ..\..\Libraries\Device\MM32F327x\Source\KEIL_StartAsm\
startup_mm32f327x_keil.s
Comment: Heap_Size used once
Stack_Size 00002000

Symbol: Stack_Size
   Definitions
      At line 8 in file ..\..\Libraries\Device\MM32F327x\Source\KEIL_StartAsm\s
tartup_mm32f327x_keil.s
   Uses
      At line 11 in file ..\..\Libraries\Device\MM32F327x\Source\KEIL_StartAsm\
startup_mm32f327x_keil.s
Comment: Stack_Size used once
__Vectors_Size 00000190

Symbol: __Vectors_Size
   Definitions
      At line 137 in file ..\..\Libraries\Device\MM32F327x\Source\KEIL_StartAsm
\startup_mm32f327x_keil.s
   Uses
      At line 31 in file ..\..\Libraries\Device\MM32F327x\Source\KEIL_StartAsm\
startup_mm32f327x_keil.s
Comment: __Vectors_Size used once
3 symbols



ARM Macro Assembler    Page 1 Alphabetic symbol ordering
External symbols

SystemInit 00000000

Symbol: SystemInit
   Definitions
      At line 145 in file ..\..\Libraries\Device\MM32F327x\Source\KEIL_StartAsm
\startup_mm32f327x_keil.s
   Uses
      At line 146 in file ..\..\Libraries\Device\MM32F327x\Source\KEIL_StartAsm
\startup_mm32f327x_keil.s
Comment: SystemInit used once
__main 00000000

Symbol: __main
   Definitions
      At line 144 in file ..\..\Libraries\Device\MM32F327x\Source\KEIL_StartAsm
\startup_mm32f327x_keil.s
   Uses
      At line 148 in file ..\..\Libraries\Device\MM32F327x\Source\KEIL_StartAsm
\startup_mm32f327x_keil.s
Comment: __main used once
2 symbols
423 symbols in table
